<?xml version="1.0" encoding="UTF-8"?>
<testng-results ignored="0" total="0" passed="0" failed="0" skipped="0">
  <reporter-output>
  </reporter-output>
  <suite started-at="2023-07-30T20:23:00Z" name="All Test Suite" finished-at="2023-07-30T20:23:00Z" duration-ms="15">
    <groups>
    </groups>
    <test started-at="2023-07-30T20:23:00Z" name="C:/Users/deeks/Downloads/Maven_project/OctPomSeriesFramework-master/CucumberBDD_Practice" finished-at="2023-07-30T20:23:00Z" duration-ms="15">
      <class name="Demo">
        <test-method is-config="true" signature="execute1()[pri:0, instance:Demo@687e99d8]" started-at="2023-07-30T16:23:00Z" name="execute1" finished-at="2023-07-30T16:23:00Z" duration-ms="12" status="PASS">
          <reporter-output>
          </reporter-output>
        </test-method> <!-- execute1 -->
      </class> <!-- Demo -->
    </test> <!-- C:/Users/deeks/Downloads/Maven_project/OctPomSeriesFramework-master/CucumberBDD_Practice -->
  </suite> <!-- All Test Suite -->
</testng-results>
